<?xml version="1.0" encoding="UTF-8"?>
<!-- Generated by org.testng.reporters.JUnitReportReporter -->
<testsuite hostname="DESKTOP-U079FS1" failures="0" tests="3" name="rahulshettyacademy.tests.SubmitOrdertest" time="28.065" errors="0" timestamp="2024-08-05T15:56:31 IST" skipped="0">
  <testcase classname="rahulshettyacademy.tests.SubmitOrdertest" name="OrderHistoryTest" time="3.889"/>
  <system-out/>
  <testcase classname="rahulshettyacademy.tests.SubmitOrdertest" name="submitOrder" time="7.177"/>
  <system-out/>
  <testcase classname="rahulshettyacademy.tests.SubmitOrdertest" name="submitOrder" time="16.999"/>
  <system-out/>
</testsuite> <!-- rahulshettyacademy.tests.SubmitOrdertest -->
