<?xml version="1.0" encoding="UTF-8"?>
<!-- Generated by org.testng.reporters.JUnitReportReporter -->
<testsuite hostname="DESKTOP-U079FS1" failures="0" tests="1" name="cucumber.TestNGTestRunner" time="20.136" errors="0" timestamp="2024-08-13T13:41:16 IST" skipped="0">
  <testcase classname="cucumber.TestNGTestRunner" name="runScenario" time="20.136"/>
  <system-out/>
</testsuite> <!-- cucumber.TestNGTestRunner -->
