<?xml version="1.0" encoding="UTF-8"?>
<!-- Generated by org.testng.reporters.JUnitReportReporter -->
<testsuite hostname="DESKTOP-EDBG71U" failures="0" tests="1" name="rahulshettyacademy.tests.ErrorValidations" time="4.524" errors="0" timestamp="2024-07-31T15:37:52 IST" skipped="0">
  <testcase classname="rahulshettyacademy.tests.ErrorValidations" name="errorValidations" time="4.524"/>
</testsuite> <!-- rahulshettyacademy.tests.ErrorValidations -->
