<?xml version="1.0" encoding="UTF-8"?>
<!-- Generated by org.testng.reporters.JUnitReportReporter -->
<testsuite hostname="DESKTOP-U079FS1" failures="0" tests="1" name="cucumber.TestNGTestRunner" time="18.508" errors="0" timestamp="2024-08-13T13:54:53 IST" skipped="0">
  <testcase classname="cucumber.TestNGTestRunner" name="runScenario" time="18.508"/>
</testsuite> <!-- cucumber.TestNGTestRunner -->
