<?xml version="1.0" encoding="UTF-8"?>
<!-- Generated by org.testng.reporters.JUnitReportReporter -->
<testsuite hostname="DESKTOP-U079FS1" failures="0" tests="3" name="rahulshettyacademy.tests.SubmitOrdertest" time="39.526" errors="0" timestamp="2024-08-13T13:45:26 IST" skipped="0">
  <testcase classname="rahulshettyacademy.tests.SubmitOrdertest" name="submitOrder" time="16.437"/>
  <testcase classname="rahulshettyacademy.tests.SubmitOrdertest" name="OrderHistoryTest" time="4.537"/>
  <testcase classname="rahulshettyacademy.tests.SubmitOrdertest" name="submitOrder" time="18.552"/>
</testsuite> <!-- rahulshettyacademy.tests.SubmitOrdertest -->
